4:21:11 PM  [main] 	Initializing Control Panel
4:21:11 PM  [main] 	Windows Version:  Pro  64-bit
4:21:11 PM  [main] 	XAMPP Version: 5.5.33
4:21:11 PM  [main] 	Control Panel Version: 3.2.2  [ Compiled: Nov 12th 2015 ]
4:21:11 PM  [main] 	You are not running with administrator rights! This will work for
4:21:11 PM  [main] 	most application stuff but whenever you do something with services
4:21:11 PM  [main] 	there will be a security dialogue or things will break! So think 
4:21:11 PM  [main] 	about running this application with administrator rights!
4:21:11 PM  [main] 	XAMPP Installation Directory: "d:\xampp\"
4:21:11 PM  [main] 	Checking for prerequisites
4:21:16 PM  [main] 	All prerequisites found
4:21:16 PM  [main] 	Initializing Modules
4:21:16 PM  [Apache] 	Problem detected!
4:21:16 PM  [Apache] 	Port 80 in use by "Unable to open process" with PID 4!
4:21:16 PM  [Apache] 	Apache WILL NOT start without the configured ports free!
4:21:16 PM  [Apache] 	You need to uninstall/disable/reconfigure the blocking application
4:21:16 PM  [Apache] 	or reconfigure Apache and the Control Panel to listen on a different port
4:21:16 PM  [Apache] 	Problem detected!
4:21:16 PM  [Apache] 	Port 443 in use by "C:\Program Files (x86)\Skype\Phone\Skype.exe" with PID 5884!
4:21:16 PM  [Apache] 	Apache WILL NOT start without the configured ports free!
4:21:16 PM  [Apache] 	You need to uninstall/disable/reconfigure the blocking application
4:21:16 PM  [Apache] 	or reconfigure Apache and the Control Panel to listen on a different port
4:21:16 PM  [main] 	Starting Check-Timer
4:21:16 PM  [main] 	Control Panel Ready
5:49:35 PM  [main] 	Deinitializing Modules
5:49:35 PM  [main] 	Deinitializing Control Panel

3:11:43 PM  [main] 	Initializing Control Panel
3:11:43 PM  [main] 	Windows Version:  Pro  64-bit
3:11:43 PM  [main] 	XAMPP Version: 5.5.33
3:11:43 PM  [main] 	Control Panel Version: 3.2.2  [ Compiled: Nov 12th 2015 ]
3:11:43 PM  [main] 	You are not running with administrator rights! This will work for
3:11:43 PM  [main] 	most application stuff but whenever you do something with services
3:11:43 PM  [main] 	there will be a security dialogue or things will break! So think 
3:11:43 PM  [main] 	about running this application with administrator rights!
3:11:43 PM  [main] 	XAMPP Installation Directory: "d:\xampp\"
3:11:43 PM  [main] 	Checking for prerequisites
3:11:44 PM  [main] 	All prerequisites found
3:11:44 PM  [main] 	Initializing Modules
3:11:44 PM  [Apache] 	Problem detected!
3:11:44 PM  [Apache] 	Port 80 in use by "Unable to open process" with PID 4!
3:11:44 PM  [Apache] 	Apache WILL NOT start without the configured ports free!
3:11:44 PM  [Apache] 	You need to uninstall/disable/reconfigure the blocking application
3:11:44 PM  [Apache] 	or reconfigure Apache and the Control Panel to listen on a different port
3:11:44 PM  [Apache] 	Problem detected!
3:11:44 PM  [Apache] 	Port 443 in use by "C:\Program Files (x86)\Skype\Phone\Skype.exe" with PID 4736!
3:11:44 PM  [Apache] 	Apache WILL NOT start without the configured ports free!
3:11:44 PM  [Apache] 	You need to uninstall/disable/reconfigure the blocking application
3:11:44 PM  [Apache] 	or reconfigure Apache and the Control Panel to listen on a different port
3:11:44 PM  [main] 	Starting Check-Timer
3:11:44 PM  [main] 	Control Panel Ready
3:11:47 PM  [Apache] 	Problem detected!
3:11:47 PM  [Apache] 	Port 80 in use by "Unable to open process" with PID 4!
3:11:47 PM  [Apache] 	Apache WILL NOT start without the configured ports free!
3:11:47 PM  [Apache] 	You need to uninstall/disable/reconfigure the blocking application
3:11:47 PM  [Apache] 	or reconfigure Apache and the Control Panel to listen on a different port
3:11:47 PM  [Apache] 	Problem detected!
3:11:47 PM  [Apache] 	Port 443 in use by "C:\Program Files (x86)\Skype\Phone\Skype.exe" with PID 4736!
3:11:47 PM  [Apache] 	Apache WILL NOT start without the configured ports free!
3:11:47 PM  [Apache] 	You need to uninstall/disable/reconfigure the blocking application
3:11:47 PM  [Apache] 	or reconfigure Apache and the Control Panel to listen on a different port
3:11:47 PM  [Apache] 	Attempting to start Apache app...
3:11:47 PM  [Apache] 	Status change detected: running
3:11:48 PM  [mysql] 	Attempting to start MySQL app...
3:11:48 PM  [mysql] 	Status change detected: running
3:11:51 PM  [Apache] 	Status change detected: stopped
3:11:51 PM  [Apache] 	Error: Apache shutdown unexpectedly.
3:11:51 PM  [Apache] 	This may be due to a blocked port, missing dependencies, 
3:11:51 PM  [Apache] 	improper privileges, a crash, or a shutdown by another method.
3:11:51 PM  [Apache] 	Press the Logs button to view error logs and check
3:11:51 PM  [Apache] 	the Windows Event Viewer for more clues
3:11:51 PM  [Apache] 	If you need more help, copy and post this
3:11:51 PM  [Apache] 	entire log window on the forums
3:25:11 PM  [Apache] 	Problem detected!
3:25:11 PM  [Apache] 	Port 80 in use by "Unable to open process" with PID 4!
3:25:11 PM  [Apache] 	Apache WILL NOT start without the configured ports free!
3:25:11 PM  [Apache] 	You need to uninstall/disable/reconfigure the blocking application
3:25:11 PM  [Apache] 	or reconfigure Apache and the Control Panel to listen on a different port
3:25:11 PM  [Apache] 	Problem detected!
3:25:11 PM  [Apache] 	Port 443 in use by "C:\Program Files (x86)\Skype\Phone\Skype.exe" with PID 4736!
3:25:11 PM  [Apache] 	Apache WILL NOT start without the configured ports free!
3:25:11 PM  [Apache] 	You need to uninstall/disable/reconfigure the blocking application
3:25:11 PM  [Apache] 	or reconfigure Apache and the Control Panel to listen on a different port
3:25:11 PM  [Apache] 	Attempting to start Apache app...
3:25:11 PM  [Apache] 	Status change detected: running
3:25:13 PM  [Apache] 	Status change detected: stopped
3:25:13 PM  [Apache] 	Error: Apache shutdown unexpectedly.
3:25:13 PM  [Apache] 	This may be due to a blocked port, missing dependencies, 
3:25:13 PM  [Apache] 	improper privileges, a crash, or a shutdown by another method.
3:25:13 PM  [Apache] 	Press the Logs button to view error logs and check
3:25:13 PM  [Apache] 	the Windows Event Viewer for more clues
3:25:13 PM  [Apache] 	If you need more help, copy and post this
3:25:13 PM  [Apache] 	entire log window on the forums
3:25:15 PM  [Apache] 	Problem detected!
3:25:15 PM  [Apache] 	Port 80 in use by "Unable to open process" with PID 4!
3:25:15 PM  [Apache] 	Apache WILL NOT start without the configured ports free!
3:25:15 PM  [Apache] 	You need to uninstall/disable/reconfigure the blocking application
3:25:15 PM  [Apache] 	or reconfigure Apache and the Control Panel to listen on a different port
3:25:15 PM  [Apache] 	Problem detected!
3:25:15 PM  [Apache] 	Port 443 in use by "C:\Program Files (x86)\Skype\Phone\Skype.exe" with PID 4736!
3:25:15 PM  [Apache] 	Apache WILL NOT start without the configured ports free!
3:25:15 PM  [Apache] 	You need to uninstall/disable/reconfigure the blocking application
3:25:15 PM  [Apache] 	or reconfigure Apache and the Control Panel to listen on a different port
3:25:15 PM  [Apache] 	Attempting to start Apache app...
3:25:16 PM  [Apache] 	Status change detected: running
3:25:16 PM  [Apache] 	Status change detected: stopped
3:25:16 PM  [Apache] 	Error: Apache shutdown unexpectedly.
3:25:16 PM  [Apache] 	This may be due to a blocked port, missing dependencies, 
3:25:16 PM  [Apache] 	improper privileges, a crash, or a shutdown by another method.
3:25:16 PM  [Apache] 	Press the Logs button to view error logs and check
3:25:16 PM  [Apache] 	the Windows Event Viewer for more clues
3:25:16 PM  [Apache] 	If you need more help, copy and post this
3:25:16 PM  [Apache] 	entire log window on the forums
3:25:28 PM  [mysql] 	Attempting to stop MySQL app...
3:25:31 PM  [mysql] 	Status change detected: stopped
3:28:22 PM  [main] 	Executing "d:\xampp\php\logs"
3:28:27 PM  [Apache] 	Problem detected!
3:28:27 PM  [Apache] 	Port 80 in use by "Unable to open process" with PID 4!
3:28:27 PM  [Apache] 	Apache WILL NOT start without the configured ports free!
3:28:27 PM  [Apache] 	You need to uninstall/disable/reconfigure the blocking application
3:28:27 PM  [Apache] 	or reconfigure Apache and the Control Panel to listen on a different port
3:28:27 PM  [Apache] 	Problem detected!
3:28:27 PM  [Apache] 	Port 443 in use by "C:\Program Files (x86)\Skype\Phone\Skype.exe" with PID 4736!
3:28:27 PM  [Apache] 	Apache WILL NOT start without the configured ports free!
3:28:27 PM  [Apache] 	You need to uninstall/disable/reconfigure the blocking application
3:28:27 PM  [Apache] 	or reconfigure Apache and the Control Panel to listen on a different port
3:28:27 PM  [Apache] 	Attempting to start Apache app...
3:28:28 PM  [Apache] 	Status change detected: running
3:28:28 PM  [Apache] 	Status change detected: stopped
3:28:28 PM  [Apache] 	Error: Apache shutdown unexpectedly.
3:28:28 PM  [Apache] 	This may be due to a blocked port, missing dependencies, 
3:28:28 PM  [Apache] 	improper privileges, a crash, or a shutdown by another method.
3:28:28 PM  [Apache] 	Press the Logs button to view error logs and check
3:28:28 PM  [Apache] 	the Windows Event Viewer for more clues
3:28:28 PM  [Apache] 	If you need more help, copy and post this
3:28:28 PM  [Apache] 	entire log window on the forums
3:28:35 PM  [mysql] 	Attempting to start MySQL app...
3:28:35 PM  [mysql] 	Status change detected: running
3:28:43 PM  [Apache] 	Problem detected!
3:28:43 PM  [Apache] 	Port 80 in use by "Unable to open process" with PID 4!
3:28:43 PM  [Apache] 	Apache WILL NOT start without the configured ports free!
3:28:43 PM  [Apache] 	You need to uninstall/disable/reconfigure the blocking application
3:28:43 PM  [Apache] 	or reconfigure Apache and the Control Panel to listen on a different port
3:28:43 PM  [Apache] 	Problem detected!
3:28:43 PM  [Apache] 	Port 443 in use by "C:\Program Files (x86)\Skype\Phone\Skype.exe" with PID 4736!
3:28:43 PM  [Apache] 	Apache WILL NOT start without the configured ports free!
3:28:43 PM  [Apache] 	You need to uninstall/disable/reconfigure the blocking application
3:28:43 PM  [Apache] 	or reconfigure Apache and the Control Panel to listen on a different port
3:28:43 PM  [Apache] 	Attempting to start Apache app...
3:28:43 PM  [Apache] 	Status change detected: running
3:28:44 PM  [Apache] 	Status change detected: stopped
3:28:44 PM  [Apache] 	Error: Apache shutdown unexpectedly.
3:28:44 PM  [Apache] 	This may be due to a blocked port, missing dependencies, 
3:28:44 PM  [Apache] 	improper privileges, a crash, or a shutdown by another method.
3:28:44 PM  [Apache] 	Press the Logs button to view error logs and check
3:28:44 PM  [Apache] 	the Windows Event Viewer for more clues
3:28:44 PM  [Apache] 	If you need more help, copy and post this
3:28:44 PM  [Apache] 	entire log window on the forums
3:28:46 PM  [Apache] 	Problem detected!
3:28:46 PM  [Apache] 	Port 80 in use by "Unable to open process" with PID 4!
3:28:46 PM  [Apache] 	Apache WILL NOT start without the configured ports free!
3:28:46 PM  [Apache] 	You need to uninstall/disable/reconfigure the blocking application
3:28:46 PM  [Apache] 	or reconfigure Apache and the Control Panel to listen on a different port
3:28:46 PM  [Apache] 	Problem detected!
3:28:46 PM  [Apache] 	Port 443 in use by "C:\Program Files (x86)\Skype\Phone\Skype.exe" with PID 4736!
3:28:46 PM  [Apache] 	Apache WILL NOT start without the configured ports free!
3:28:46 PM  [Apache] 	You need to uninstall/disable/reconfigure the blocking application
3:28:46 PM  [Apache] 	or reconfigure Apache and the Control Panel to listen on a different port
3:28:46 PM  [Apache] 	Attempting to start Apache app...
3:28:46 PM  [Apache] 	Status change detected: running
3:28:47 PM  [Apache] 	Status change detected: stopped
3:28:47 PM  [Apache] 	Error: Apache shutdown unexpectedly.
3:28:47 PM  [Apache] 	This may be due to a blocked port, missing dependencies, 
3:28:47 PM  [Apache] 	improper privileges, a crash, or a shutdown by another method.
3:28:47 PM  [Apache] 	Press the Logs button to view error logs and check
3:28:47 PM  [Apache] 	the Windows Event Viewer for more clues
3:28:47 PM  [Apache] 	If you need more help, copy and post this
3:28:47 PM  [Apache] 	entire log window on the forums
3:29:17 PM  [Apache] 	Problem detected!
3:29:17 PM  [Apache] 	Port 80 in use by "Unable to open process" with PID 4!
3:29:17 PM  [Apache] 	Apache WILL NOT start without the configured ports free!
3:29:17 PM  [Apache] 	You need to uninstall/disable/reconfigure the blocking application
3:29:17 PM  [Apache] 	or reconfigure Apache and the Control Panel to listen on a different port
3:29:17 PM  [Apache] 	Problem detected!
3:29:17 PM  [Apache] 	Port 443 in use by "C:\Program Files (x86)\Skype\Phone\Skype.exe" with PID 4736!
3:29:17 PM  [Apache] 	Apache WILL NOT start without the configured ports free!
3:29:17 PM  [Apache] 	You need to uninstall/disable/reconfigure the blocking application
3:29:17 PM  [Apache] 	or reconfigure Apache and the Control Panel to listen on a different port
3:29:17 PM  [Apache] 	Attempting to start Apache app...
3:29:17 PM  [Apache] 	Status change detected: running
3:29:18 PM  [Apache] 	Status change detected: stopped
3:29:18 PM  [Apache] 	Error: Apache shutdown unexpectedly.
3:29:18 PM  [Apache] 	This may be due to a blocked port, missing dependencies, 
3:29:18 PM  [Apache] 	improper privileges, a crash, or a shutdown by another method.
3:29:18 PM  [Apache] 	Press the Logs button to view error logs and check
3:29:18 PM  [Apache] 	the Windows Event Viewer for more clues
3:29:18 PM  [Apache] 	If you need more help, copy and post this
3:29:18 PM  [Apache] 	entire log window on the forums
3:30:54 PM  [Apache] 	Problem detected!
3:30:54 PM  [Apache] 	Port 80 in use by "Unable to open process" with PID 4!
3:30:54 PM  [Apache] 	Apache WILL NOT start without the configured ports free!
3:30:54 PM  [Apache] 	You need to uninstall/disable/reconfigure the blocking application
3:30:54 PM  [Apache] 	or reconfigure Apache and the Control Panel to listen on a different port
3:30:54 PM  [Apache] 	Problem detected!
3:30:54 PM  [Apache] 	Port 443 in use by "C:\Program Files (x86)\Skype\Phone\Skype.exe" with PID 4736!
3:30:54 PM  [Apache] 	Apache WILL NOT start without the configured ports free!
3:30:54 PM  [Apache] 	You need to uninstall/disable/reconfigure the blocking application
3:30:54 PM  [Apache] 	or reconfigure Apache and the Control Panel to listen on a different port
3:30:54 PM  [Apache] 	Attempting to start Apache app...
3:30:54 PM  [Apache] 	Status change detected: running
3:30:55 PM  [Apache] 	Status change detected: stopped
3:30:55 PM  [Apache] 	Error: Apache shutdown unexpectedly.
3:30:55 PM  [Apache] 	This may be due to a blocked port, missing dependencies, 
3:30:55 PM  [Apache] 	improper privileges, a crash, or a shutdown by another method.
3:30:55 PM  [Apache] 	Press the Logs button to view error logs and check
3:30:55 PM  [Apache] 	the Windows Event Viewer for more clues
3:30:55 PM  [Apache] 	If you need more help, copy and post this
3:30:55 PM  [Apache] 	entire log window on the forums
3:32:51 PM  [Apache] 	Problem detected!
3:32:51 PM  [Apache] 	Port 80 in use by "Unable to open process" with PID 4!
3:32:51 PM  [Apache] 	Apache WILL NOT start without the configured ports free!
3:32:51 PM  [Apache] 	You need to uninstall/disable/reconfigure the blocking application
3:32:51 PM  [Apache] 	or reconfigure Apache and the Control Panel to listen on a different port
3:32:51 PM  [Apache] 	Problem detected!
3:32:51 PM  [Apache] 	Port 443 in use by "C:\Program Files (x86)\Skype\Phone\Skype.exe" with PID 4736!
3:32:51 PM  [Apache] 	Apache WILL NOT start without the configured ports free!
3:32:51 PM  [Apache] 	You need to uninstall/disable/reconfigure the blocking application
3:32:51 PM  [Apache] 	or reconfigure Apache and the Control Panel to listen on a different port
3:32:51 PM  [Apache] 	Attempting to start Apache app...
3:32:51 PM  [Apache] 	Status change detected: running
3:32:52 PM  [Apache] 	Status change detected: stopped
3:32:52 PM  [Apache] 	Error: Apache shutdown unexpectedly.
3:32:52 PM  [Apache] 	This may be due to a blocked port, missing dependencies, 
3:32:52 PM  [Apache] 	improper privileges, a crash, or a shutdown by another method.
3:32:52 PM  [Apache] 	Press the Logs button to view error logs and check
3:32:52 PM  [Apache] 	the Windows Event Viewer for more clues
3:32:52 PM  [Apache] 	If you need more help, copy and post this
3:32:52 PM  [Apache] 	entire log window on the forums
3:33:40 PM  [Apache] 	Problem detected!
3:33:40 PM  [Apache] 	Port 80 in use by "Unable to open process" with PID 4!
3:33:40 PM  [Apache] 	Apache WILL NOT start without the configured ports free!
3:33:40 PM  [Apache] 	You need to uninstall/disable/reconfigure the blocking application
3:33:40 PM  [Apache] 	or reconfigure Apache and the Control Panel to listen on a different port
3:33:40 PM  [Apache] 	Attempting to start Apache app...
3:33:40 PM  [Apache] 	Status change detected: running
3:33:41 PM  [Apache] 	Status change detected: stopped
3:33:41 PM  [Apache] 	Error: Apache shutdown unexpectedly.
3:33:41 PM  [Apache] 	This may be due to a blocked port, missing dependencies, 
3:33:41 PM  [Apache] 	improper privileges, a crash, or a shutdown by another method.
3:33:41 PM  [Apache] 	Press the Logs button to view error logs and check
3:33:41 PM  [Apache] 	the Windows Event Viewer for more clues
3:33:41 PM  [Apache] 	If you need more help, copy and post this
3:33:41 PM  [Apache] 	entire log window on the forums
3:33:49 PM  [Apache] 	Problem detected!
3:33:49 PM  [Apache] 	Port 80 in use by "Unable to open process" with PID 4!
3:33:49 PM  [Apache] 	Apache WILL NOT start without the configured ports free!
3:33:49 PM  [Apache] 	You need to uninstall/disable/reconfigure the blocking application
3:33:49 PM  [Apache] 	or reconfigure Apache and the Control Panel to listen on a different port
3:33:49 PM  [Apache] 	Attempting to start Apache app...
3:33:49 PM  [Apache] 	Status change detected: running
3:33:50 PM  [Apache] 	Status change detected: stopped
3:33:50 PM  [Apache] 	Error: Apache shutdown unexpectedly.
3:33:50 PM  [Apache] 	This may be due to a blocked port, missing dependencies, 
3:33:50 PM  [Apache] 	improper privileges, a crash, or a shutdown by another method.
3:33:50 PM  [Apache] 	Press the Logs button to view error logs and check
3:33:50 PM  [Apache] 	the Windows Event Viewer for more clues
3:33:50 PM  [Apache] 	If you need more help, copy and post this
3:33:50 PM  [Apache] 	entire log window on the forums
3:33:51 PM  [Apache] 	Problem detected!
3:33:51 PM  [Apache] 	Port 80 in use by "Unable to open process" with PID 4!
3:33:51 PM  [Apache] 	Apache WILL NOT start without the configured ports free!
3:33:51 PM  [Apache] 	You need to uninstall/disable/reconfigure the blocking application
3:33:51 PM  [Apache] 	or reconfigure Apache and the Control Panel to listen on a different port
3:33:51 PM  [Apache] 	Attempting to start Apache app...
3:33:52 PM  [Apache] 	Status change detected: running
3:33:52 PM  [Apache] 	Status change detected: stopped
3:33:52 PM  [Apache] 	Error: Apache shutdown unexpectedly.
3:33:52 PM  [Apache] 	This may be due to a blocked port, missing dependencies, 
3:33:52 PM  [Apache] 	improper privileges, a crash, or a shutdown by another method.
3:33:52 PM  [Apache] 	Press the Logs button to view error logs and check
3:33:52 PM  [Apache] 	the Windows Event Viewer for more clues
3:33:52 PM  [Apache] 	If you need more help, copy and post this
3:33:52 PM  [Apache] 	entire log window on the forums
3:33:57 PM  [main] 	Executing "services.msc"
3:35:01 PM  [mysql] 	Attempting to stop MySQL app...
3:35:03 PM  [mysql] 	Status change detected: stopped
3:35:04 PM  [Apache] 	Problem detected!
3:35:04 PM  [Apache] 	Port 80 in use by "Unable to open process" with PID 4!
3:35:04 PM  [Apache] 	Apache WILL NOT start without the configured ports free!
3:35:04 PM  [Apache] 	You need to uninstall/disable/reconfigure the blocking application
3:35:04 PM  [Apache] 	or reconfigure Apache and the Control Panel to listen on a different port
3:35:04 PM  [Apache] 	Attempting to start Apache app...
3:35:04 PM  [Apache] 	Status change detected: running
3:35:05 PM  [Apache] 	Status change detected: stopped
3:35:05 PM  [Apache] 	Error: Apache shutdown unexpectedly.
3:35:05 PM  [Apache] 	This may be due to a blocked port, missing dependencies, 
3:35:05 PM  [Apache] 	improper privileges, a crash, or a shutdown by another method.
3:35:05 PM  [Apache] 	Press the Logs button to view error logs and check
3:35:05 PM  [Apache] 	the Windows Event Viewer for more clues
3:35:05 PM  [Apache] 	If you need more help, copy and post this
3:35:05 PM  [Apache] 	entire log window on the forums
3:35:06 PM  [Apache] 	Problem detected!
3:35:06 PM  [Apache] 	Port 80 in use by "Unable to open process" with PID 4!
3:35:06 PM  [Apache] 	Apache WILL NOT start without the configured ports free!
3:35:06 PM  [Apache] 	You need to uninstall/disable/reconfigure the blocking application
3:35:06 PM  [Apache] 	or reconfigure Apache and the Control Panel to listen on a different port
3:35:06 PM  [Apache] 	Attempting to start Apache app...
3:35:06 PM  [Apache] 	Status change detected: running
3:35:07 PM  [Apache] 	Status change detected: stopped
3:35:07 PM  [Apache] 	Error: Apache shutdown unexpectedly.
3:35:07 PM  [Apache] 	This may be due to a blocked port, missing dependencies, 
3:35:07 PM  [Apache] 	improper privileges, a crash, or a shutdown by another method.
3:35:07 PM  [Apache] 	Press the Logs button to view error logs and check
3:35:07 PM  [Apache] 	the Windows Event Viewer for more clues
3:35:07 PM  [Apache] 	If you need more help, copy and post this
3:35:07 PM  [Apache] 	entire log window on the forums
3:35:08 PM  [Apache] 	Problem detected!
3:35:08 PM  [Apache] 	Port 80 in use by "Unable to open process" with PID 4!
3:35:08 PM  [Apache] 	Apache WILL NOT start without the configured ports free!
3:35:08 PM  [Apache] 	You need to uninstall/disable/reconfigure the blocking application
3:35:08 PM  [Apache] 	or reconfigure Apache and the Control Panel to listen on a different port
3:35:08 PM  [Apache] 	Attempting to start Apache app...
3:35:08 PM  [Apache] 	Status change detected: running
3:35:09 PM  [Apache] 	Status change detected: stopped
3:35:09 PM  [Apache] 	Error: Apache shutdown unexpectedly.
3:35:09 PM  [Apache] 	This may be due to a blocked port, missing dependencies, 
3:35:09 PM  [Apache] 	improper privileges, a crash, or a shutdown by another method.
3:35:09 PM  [Apache] 	Press the Logs button to view error logs and check
3:35:09 PM  [Apache] 	the Windows Event Viewer for more clues
3:35:09 PM  [Apache] 	If you need more help, copy and post this
3:35:09 PM  [Apache] 	entire log window on the forums
3:35:15 PM  [main] 	Executing "d:\xampp\"
3:36:35 PM  [Apache] 	Problem detected!
3:36:35 PM  [Apache] 	Port 80 in use by "Unable to open process" with PID 4!
3:36:35 PM  [Apache] 	Apache WILL NOT start without the configured ports free!
3:36:35 PM  [Apache] 	You need to uninstall/disable/reconfigure the blocking application
3:36:35 PM  [Apache] 	or reconfigure Apache and the Control Panel to listen on a different port
3:36:35 PM  [Apache] 	Attempting to start Apache app...
3:36:36 PM  [Apache] 	Status change detected: running
3:36:36 PM  [Apache] 	Status change detected: stopped
3:36:36 PM  [Apache] 	Error: Apache shutdown unexpectedly.
3:36:36 PM  [Apache] 	This may be due to a blocked port, missing dependencies, 
3:36:36 PM  [Apache] 	improper privileges, a crash, or a shutdown by another method.
3:36:36 PM  [Apache] 	Press the Logs button to view error logs and check
3:36:36 PM  [Apache] 	the Windows Event Viewer for more clues
3:36:36 PM  [Apache] 	If you need more help, copy and post this
3:36:36 PM  [Apache] 	entire log window on the forums
3:36:38 PM  [Apache] 	Problem detected!
3:36:38 PM  [Apache] 	Port 80 in use by "Unable to open process" with PID 4!
3:36:38 PM  [Apache] 	Apache WILL NOT start without the configured ports free!
3:36:38 PM  [Apache] 	You need to uninstall/disable/reconfigure the blocking application
3:36:38 PM  [Apache] 	or reconfigure Apache and the Control Panel to listen on a different port
3:36:38 PM  [Apache] 	Attempting to start Apache app...
3:36:39 PM  [Apache] 	Status change detected: running
3:36:39 PM  [Apache] 	Status change detected: stopped
3:36:39 PM  [Apache] 	Error: Apache shutdown unexpectedly.
3:36:39 PM  [Apache] 	This may be due to a blocked port, missing dependencies, 
3:36:39 PM  [Apache] 	improper privileges, a crash, or a shutdown by another method.
3:36:39 PM  [Apache] 	Press the Logs button to view error logs and check
3:36:39 PM  [Apache] 	the Windows Event Viewer for more clues
3:36:39 PM  [Apache] 	If you need more help, copy and post this
3:36:39 PM  [Apache] 	entire log window on the forums
3:36:40 PM  [mysql] 	Attempting to start MySQL app...
3:36:41 PM  [mysql] 	Status change detected: running
3:36:43 PM  [filezilla] 	Attempting to start FileZilla app...
3:36:43 PM  [filezilla] 	Status change detected: running
3:36:43 PM  [mercury] 	Attempting to start Mercury app...
3:36:44 PM  [mercury] 	Status change detected: running
3:36:55 PM  [Tomcat] 	Attempting to start Tomcat app...
3:37:04 PM  [Tomcat] 	Status change detected: running
3:37:26 PM  [main] 	Deinitializing Modules
3:37:26 PM  [main] 	Deinitializing Control Panel

